<?xml version="1.0" encoding="UTF-8"?>
<!-- Generated by org.testng.reporters.JUnitReportReporter -->
<testsuite skipped="0" hostname="DESKTOP-3OCI825" name="co.xero.testcase.Test1" tests="1" failures="0" timestamp="01 Aug 2020 02:39:25 GMT" time="30.428" errors="0">
  <testcase name="testCase1" time="30.428" classname="co.xero.testcase.Test1"/>
</testsuite> <!-- co.xero.testcase.Test1 -->
