<?xml version="1.0" encoding="UTF-8"?>
<!-- Generated by org.testng.reporters.JUnitReportReporter -->
<testsuite skipped="0" hostname="Prarthan-HP" name="com.nopcommerce.testCases.Test1" tests="1" failures="0" timestamp="31 Jul 2020 17:49:59 GMT" time="90.083" errors="0">
  <testcase name="testCase1" time="90.083" classname="com.nopcommerce.testCases.Test1"/>
</testsuite> <!-- com.nopcommerce.testCases.Test1 -->
