<?xml version="1.0" encoding="UTF-8"?>
<!-- Generated by org.testng.reporters.JUnitReportReporter -->
<testsuite skipped="0" hostname="DESKTOP-3OCI825" name="co.xero.testCases.Test1" tests="1" failures="0" timestamp="31 Jul 2020 23:09:41 GMT" time="20.411" errors="0">
  <testcase name="testCase1" time="20.411" classname="co.xero.testCases.Test1"/>
</testsuite> <!-- co.xero.testCases.Test1 -->
