<?xml version="1.0" encoding="UTF-8"?>
<!-- Generated by org.testng.reporters.JUnitReportReporter -->
<testsuite skipped="0" hostname="DESKTOP-3OCI825" name="co.xeroRunner.testCases.Test1" tests="1" failures="0" timestamp="01 Aug 2020 01:45:40 GMT" time="39.368" errors="0">
  <testcase name="testCase1" time="39.368" classname="co.xeroRunner.testCases.Test1"/>
</testsuite> <!-- co.xeroRunner.testCases.Test1 -->
