<?xml version="1.0" encoding="UTF-8"?>
<!-- Generated by org.testng.reporters.JUnitReportReporter -->
<testsuite skipped="0" hostname="Prarthan-HP" name="com.nopcommerce.testBase.TestBase" tests="2" failures="0" timestamp="31 Jul 2020 17:29:01 GMT" time="91.765" errors="0">
  <testcase name="setUp" time="87.321" classname="com.nopcommerce.testBase.TestBase"/>
  <testcase name="tearDown" time="4.444" classname="com.nopcommerce.testBase.TestBase"/>
</testsuite> <!-- com.nopcommerce.testBase.TestBase -->
